2020-11-25 10:18:12,285 | DEBUG | 75 KG ---> 165.34683151378331 LB
2020-11-25 10:18:12,285 | DEBUG | 85 KG ---> 187.39307571562108 LB
2020-11-25 10:18:12,285 | DEBUG | 168 CM ---> 5.511811023622047 FT
2020-11-25 10:23:17,816 | DEBUG | 75 KG ---> 165.34683151378331 LB
2020-11-25 10:23:17,816 | DEBUG | 85 KG ---> 187.39307571562108 LB
2020-11-25 10:23:17,816 | DEBUG | 168 CM ---> 5.511811023622047 FT
2020-11-25 10:23:17,816 | DEBUG | 0.5 KM ---> 1640.4199475065616 FT
2020-11-25 10:23:17,816 | DEBUG | 100FT + 0.5KM = 1740.4199475065616FT
2020-11-25 10:23:17,816 | DEBUG | 0.3333333333333333 YD ---> 12.0 IN
2020-11-25 10:23:17,817 | DEBUG | 50IN + 0.3333333333333333YD = 62.0IN
2020-11-25 10:23:17,817 | DEBUG | 0.2 KM ---> 656.1679790026246 FT
2020-11-25 10:23:17,817 | DEBUG | 0.2KM + 199FT = 855.1679790026246FT
2020-11-25 10:24:16,190 | DEBUG | 75 KG ---> 165.34683151378331 LB
2020-11-25 10:24:16,190 | DEBUG | 85 KG ---> 187.39307571562108 LB
2020-11-25 10:24:16,190 | DEBUG | 168 CM ---> 5.511811023622047 FT
2020-11-25 10:24:16,191 | DEBUG | 0.5 KM ---> 1640.4199475065616 FT
2020-11-25 10:24:16,191 | DEBUG | 100FT + 0.5KM = 1740.4199475065616FT
2020-11-25 10:24:16,191 | DEBUG | 0.3333333333333333 YD ---> 12.0 IN
2020-11-25 10:24:16,191 | DEBUG | 50IN + 0.3333333333333333YD = 62.0IN
2020-11-25 10:24:16,191 | DEBUG | 0.2 KM ---> 656.1679790026246 FT
2020-11-25 10:24:16,191 | DEBUG | 0.2KM + 199FT = 855.1679790026246FT
2020-11-25 11:03:45,508 | DEBUG | 75 KG ---> 165.34683151378331 LB
2020-11-25 11:03:45,508 | DEBUG | 85 KG ---> 187.39307571562108 LB
2020-11-25 11:03:45,508 | DEBUG | 168 CM ---> 5.511811023622047 FT
2020-11-25 11:03:45,508 | DEBUG | 0.5 KM ---> 1640.4199475065616 FT
2020-11-25 11:03:45,508 | DEBUG | 100FT + 0.5KM = 1740.4199475065616FT
2020-11-25 11:03:45,508 | DEBUG | 0.3333333333333333 YD ---> 12.0 IN
2020-11-25 11:03:45,508 | DEBUG | 50IN + 0.3333333333333333YD = 62.0IN
2020-11-25 11:03:45,508 | DEBUG | 0.2 KM ---> 656.1679790026246 FT
2020-11-25 11:03:45,508 | DEBUG | 0.2KM + 199FT = 855.1679790026246FT
2020-11-25 11:03:45,509 | DEBUG | 10000000000 KM ---> 9.999999999999998e+21 NanoM
